<?xml version="1.0" encoding="UTF-8"?>
<robot generator="Robot 3.2.2 (Python 3.10.1 on win32)" generated="20220119 16:36:53.647" rpa="false">
<suite id="s1" name="DemoRobotProject" source="D:\Eclipse\python-workspace\DemoRobotProject">
<suite id="s1-s1" name="Test" source="D:\Eclipse\python-workspace\DemoRobotProject\Test">
<suite id="s1-s1-s1" name="TestSuite1" source="D:\Eclipse\python-workspace\DemoRobotProject\Test\TestSuite1.robot">
<kw name="Open Browser" library="SeleniumLibrary" type="setup">
<doc>Opens a new browser instance to the optional ``url``.</doc>
<arguments>
<arg>${URL}</arg>
<arg>chrome</arg>
</arguments>
<msg timestamp="20220119 16:36:54.003" level="INFO">Opening browser 'chrome' to base url 'http://localhost/WashConnectWeb'.</msg>
<status status="PASS" starttime="20220119 16:36:54.002" endtime="20220119 16:36:56.384"></status>
</kw>
<test id="s1-s1-s1-t1" name="TestScript1">
<kw name="Maximize Browser Window" library="SeleniumLibrary">
<doc>Maximizes current browser window.</doc>
<status status="PASS" starttime="20220119 16:36:56.385" endtime="20220119 16:36:56.511"></status>
</kw>
<kw name="Set Browser Implicit Wait" library="SeleniumLibrary">
<doc>Sets the implicit wait value used by Selenium.</doc>
<arguments>
<arg>10</arg>
</arguments>
<status status="PASS" starttime="20220119 16:36:56.511" endtime="20220119 16:36:56.512"></status>
</kw>
<kw name="LOGINKW">
<kw name="Input Text" library="SeleniumLibrary">
<doc>Types the given ``text`` into the text field identified by ``locator``.</doc>
<arguments>
<arg>name=txtUserName</arg>
<arg>@{CREDENTIALS}[0]</arg>
</arguments>
<msg timestamp="20220119 16:36:56.514" level="WARN">Accessing variable items using '@{CREDENTIALS}[0]' syntax is deprecated. Use '${CREDENTIALS}[0]' instead.</msg>
<msg timestamp="20220119 16:36:56.514" level="INFO">Typing text 'nitinkanojia' into text field 'name=txtUserName'.</msg>
<status status="PASS" starttime="20220119 16:36:56.513" endtime="20220119 16:36:56.678"></status>
</kw>
<kw name="Input Password" library="SeleniumLibrary">
<doc>Types the given password into the text field identified by ``locator``.</doc>
<arguments>
<arg>name=txtPassword</arg>
<arg>&amp;{LOGINDATA}[Password]</arg>
</arguments>
<msg timestamp="20220119 16:36:56.679" level="WARN">Accessing variable items using '&amp;{LOGINDATA}[Password]' syntax is deprecated. Use '${LOGINDATA}[Password]' instead.</msg>
<msg timestamp="20220119 16:36:56.680" level="INFO">Typing password into text field 'name=txtPassword'.</msg>
<msg timestamp="20220119 16:36:56.806" level="INFO">Temporally setting log level to: NONE</msg>
<msg timestamp="20220119 16:36:56.881" level="INFO">Log level changed from NONE to INFO.</msg>
<status status="PASS" starttime="20220119 16:36:56.679" endtime="20220119 16:36:56.881"></status>
</kw>
<kw name="Click Element" library="SeleniumLibrary">
<doc>Click the element identified by ``locator``.</doc>
<arguments>
<arg>id=divLogIn</arg>
</arguments>
<msg timestamp="20220119 16:36:56.882" level="INFO">Clicking element 'id=divLogIn'.</msg>
<status status="PASS" starttime="20220119 16:36:56.882" endtime="20220119 16:36:58.438"></status>
</kw>
<status status="PASS" starttime="20220119 16:36:56.513" endtime="20220119 16:36:58.438"></status>
</kw>
<kw name="Go To" library="SeleniumLibrary">
<doc>Navigates the current browser window to the provided ``url``.</doc>
<arguments>
<arg>http://localhost/WashConnectWeb/User/UserList.aspx</arg>
</arguments>
<msg timestamp="20220119 16:36:58.440" level="INFO">Opening url 'http://localhost/WashConnectWeb/User/UserList.aspx'</msg>
<status status="PASS" starttime="20220119 16:36:58.439" endtime="20220119 16:37:00.073"></status>
</kw>
<kw name="Click Element" library="SeleniumLibrary">
<doc>Click the element identified by ``locator``.</doc>
<arguments>
<arg>xpath=//i[@class='fa fa-plus']</arg>
</arguments>
<msg timestamp="20220119 16:37:00.075" level="INFO">Clicking element 'xpath=//i[@class='fa fa-plus']'.</msg>
<status status="PASS" starttime="20220119 16:37:00.074" endtime="20220119 16:37:00.552"></status>
</kw>
<kw name="Input Text" library="SeleniumLibrary">
<doc>Types the given ``text`` into the text field identified by ``locator``.</doc>
<arguments>
<arg>xpath=//input[@id='ctl00_ContentPlaceHolder1_txtUserName']</arg>
<arg>Demo</arg>
</arguments>
<msg timestamp="20220119 16:37:00.553" level="INFO">Typing text 'Demo' into text field 'xpath=//input[@id='ctl00_ContentPlaceHolder1_txtUserName']'.</msg>
<status status="PASS" starttime="20220119 16:37:00.552" endtime="20220119 16:37:00.701"></status>
</kw>
<kw name="Input Password" library="SeleniumLibrary">
<doc>Types the given password into the text field identified by ``locator``.</doc>
<arguments>
<arg>xpath=//input[@name='ctl00$ContentPlaceHolder1$txtPwd']</arg>
<arg>Demo!@#456</arg>
</arguments>
<msg timestamp="20220119 16:37:00.701" level="INFO">Typing password into text field 'xpath=//input[@name='ctl00$ContentPlaceHolder1$txtPwd']'.</msg>
<msg timestamp="20220119 16:37:00.753" level="INFO">Temporally setting log level to: NONE</msg>
<msg timestamp="20220119 16:37:00.852" level="INFO">Log level changed from NONE to INFO.</msg>
<status status="PASS" starttime="20220119 16:37:00.701" endtime="20220119 16:37:00.852"></status>
</kw>
<kw name="Input Password" library="SeleniumLibrary">
<doc>Types the given password into the text field identified by ``locator``.</doc>
<arguments>
<arg>xpath=//input[@name='ctl00$ContentPlaceHolder1$txtConfPwd']</arg>
<arg>Demo!@#456</arg>
</arguments>
<msg timestamp="20220119 16:37:00.853" level="INFO">Typing password into text field 'xpath=//input[@name='ctl00$ContentPlaceHolder1$txtConfPwd']'.</msg>
<msg timestamp="20220119 16:37:00.913" level="INFO">Temporally setting log level to: NONE</msg>
<msg timestamp="20220119 16:37:01.005" level="INFO">Log level changed from NONE to INFO.</msg>
<status status="PASS" starttime="20220119 16:37:00.852" endtime="20220119 16:37:01.006"></status>
</kw>
<kw name="Input Text" library="SeleniumLibrary">
<doc>Types the given ``text`` into the text field identified by ``locator``.</doc>
<arguments>
<arg>xpath=//input[@name='ctl00$ContentPlaceHolder1$txtFName']</arg>
<arg>Demo</arg>
</arguments>
<msg timestamp="20220119 16:37:01.006" level="INFO">Typing text 'Demo' into text field 'xpath=//input[@name='ctl00$ContentPlaceHolder1$txtFName']'.</msg>
<status status="PASS" starttime="20220119 16:37:01.006" endtime="20220119 16:37:01.128"></status>
</kw>
<kw name="Input Text" library="SeleniumLibrary">
<doc>Types the given ``text`` into the text field identified by ``locator``.</doc>
<arguments>
<arg>xpath=//input[@name='ctl00$ContentPlaceHolder1$txtLName']</arg>
<arg>Demo</arg>
</arguments>
<msg timestamp="20220119 16:37:01.129" level="INFO">Typing text 'Demo' into text field 'xpath=//input[@name='ctl00$ContentPlaceHolder1$txtLName']'.</msg>
<status status="PASS" starttime="20220119 16:37:01.128" endtime="20220119 16:37:01.247"></status>
</kw>
<kw name="Click Element" library="SeleniumLibrary">
<doc>Click the element identified by ``locator``.</doc>
<arguments>
<arg>xpath=//span[@class='ui-icon ui-icon-triangle-2-n-s']</arg>
</arguments>
<msg timestamp="20220119 16:37:01.248" level="INFO">Clicking element 'xpath=//span[@class='ui-icon ui-icon-triangle-2-n-s']'.</msg>
<status status="PASS" starttime="20220119 16:37:01.248" endtime="20220119 16:37:01.331"></status>
</kw>
<kw name="Click Element" library="SeleniumLibrary">
<doc>Click the element identified by ``locator``.</doc>
<arguments>
<arg>xpath=//input[@title='Automation Corporate']</arg>
</arguments>
<msg timestamp="20220119 16:37:01.332" level="INFO">Clicking element 'xpath=//input[@title='Automation Corporate']'.</msg>
<status status="PASS" starttime="20220119 16:37:01.332" endtime="20220119 16:37:01.421"></status>
</kw>
<kw name="Click Element" library="SeleniumLibrary">
<doc>Click the element identified by ``locator``.</doc>
<arguments>
<arg>xpath=//span[@class='ui-icon ui-icon-circle-close']</arg>
</arguments>
<msg timestamp="20220119 16:37:01.422" level="INFO">Clicking element 'xpath=//span[@class='ui-icon ui-icon-circle-close']'.</msg>
<status status="PASS" starttime="20220119 16:37:01.421" endtime="20220119 16:37:01.487"></status>
</kw>
<kw name="Click Element" library="SeleniumLibrary">
<doc>Click the element identified by ``locator``.</doc>
<arguments>
<arg>id=ctl00_ContentPlaceHolder1_gvUserRoles_ctl02_chkRole</arg>
</arguments>
<msg timestamp="20220119 16:37:01.488" level="INFO">Clicking element 'id=ctl00_ContentPlaceHolder1_gvUserRoles_ctl02_chkRole'.</msg>
<status status="PASS" starttime="20220119 16:37:01.487" endtime="20220119 16:37:01.837"></status>
</kw>
<kw name="Click Element" library="SeleniumLibrary">
<doc>Click the element identified by ``locator``.</doc>
<arguments>
<arg>xpath=//i[@class='fa fa-save']</arg>
</arguments>
<msg timestamp="20220119 16:37:01.838" level="INFO">Clicking element 'xpath=//i[@class='fa fa-save']'.</msg>
<status status="PASS" starttime="20220119 16:37:01.838" endtime="20220119 16:37:02.845"></status>
</kw>
<kw name="Log" library="BuiltIn">
<doc>Logs the given message with the given level.</doc>
<arguments>
<arg>The Test Suite ${TEST_NAME} is successfully passed</arg>
</arguments>
<msg timestamp="20220119 16:37:02.848" level="INFO">The Test Suite TestScript1 is successfully passed</msg>
<status status="PASS" starttime="20220119 16:37:02.846" endtime="20220119 16:37:02.848"></status>
</kw>
<kw name="Log" library="BuiltIn">
<doc>Logs the given message with the given level.</doc>
<arguments>
<arg>This Test was run by user %{Username} on Operating System %{os}</arg>
</arguments>
<msg timestamp="20220119 16:37:02.850" level="INFO">This Test was run by user 10083745 on Operating System Windows_NT</msg>
<status status="PASS" starttime="20220119 16:37:02.849" endtime="20220119 16:37:02.851"></status>
</kw>
<kw name="Go To" library="SeleniumLibrary">
<doc>Navigates the current browser window to the provided ``url``.</doc>
<arguments>
<arg>http://localhost/WashConnectWeb/User/UserList.aspx</arg>
</arguments>
<msg timestamp="20220119 16:37:02.852" level="INFO">Opening url 'http://localhost/WashConnectWeb/User/UserList.aspx'</msg>
<status status="PASS" starttime="20220119 16:37:02.851" endtime="20220119 16:37:03.145"></status>
</kw>
<status status="PASS" starttime="20220119 16:36:56.384" endtime="20220119 16:37:03.147" critical="yes"></status>
</test>
<status status="PASS" starttime="20220119 16:36:53.726" endtime="20220119 16:37:03.150"></status>
</suite>
<status status="PASS" starttime="20220119 16:36:53.723" endtime="20220119 16:37:03.154"></status>
</suite>
<status status="PASS" starttime="20220119 16:36:53.693" endtime="20220119 16:37:03.160"></status>
</suite>
<statistics>
<total>
<stat pass="1" fail="0">Critical Tests</stat>
<stat pass="1" fail="0">All Tests</stat>
</total>
<tag>
</tag>
<suite>
<stat pass="1" fail="0" id="s1" name="DemoRobotProject">DemoRobotProject</stat>
<stat pass="1" fail="0" id="s1-s1" name="Test">DemoRobotProject.Test</stat>
<stat pass="1" fail="0" id="s1-s1-s1" name="TestSuite1">DemoRobotProject.Test.TestSuite1</stat>
</suite>
</statistics>
<errors>
<msg timestamp="20220119 16:36:56.514" level="WARN">Accessing variable items using '@{CREDENTIALS}[0]' syntax is deprecated. Use '${CREDENTIALS}[0]' instead.</msg>
<msg timestamp="20220119 16:36:56.679" level="WARN">Accessing variable items using '&amp;{LOGINDATA}[Password]' syntax is deprecated. Use '${LOGINDATA}[Password]' instead.</msg>
</errors>
</robot>
